<?xml version="1.0" encoding="UTF-8"?>
<!-- Generated by org.testng.reporters.JUnitReportReporter -->
<testsuite hostname="ACP-PC" name="TestNgPackage.annotation_priority" tests="6" failures="0" timestamp="28 May 2020 16:10:07 GMT" time="0.035" errors="0">
  <testcase name="meth1" time="0.013" classname="TestNgPackage.annotation_priority"/>
  <testcase name="ameth1" time="0.013" classname="TestNgPackage.annotation_priority"/>
  <testcase name="Meth1" time="0.003" classname="TestNgPackage.annotation_priority"/>
  <testcase name="meth2" time="0.001" classname="TestNgPackage.annotation_priority"/>
  <testcase name="A1M1" time="0.003" classname="TestNgPackage.annotation_priority"/>
  <testcase name="a1meth1" time="0.002" classname="TestNgPackage.annotation_priority"/>
</testsuite> <!-- TestNgPackage.annotation_priority -->
