<?xml version="1.0" encoding="UTF-8"?>
<!-- Generated by org.testng.reporters.JUnitReportReporter -->
<testsuite hostname="ACP-PC" name="TestNgPackage.Home" tests="4" failures="0" timestamp="28 May 2020 16:10:07 GMT" time="0.008" errors="0">
  <testcase name="Home03" time="0.005" classname="TestNgPackage.Home"/>
  <testcase name="Home04" time="0.001" classname="TestNgPackage.Home"/>
  <testcase name="Home01" time="0.001" classname="TestNgPackage.Home"/>
  <testcase name="Home02" time="0.001" classname="TestNgPackage.Home"/>
</testsuite> <!-- TestNgPackage.Home -->
