<?xml version="1.0" encoding="UTF-8"?>
<!-- Generated by org.testng.reporters.JUnitReportReporter -->
<testsuite hostname="ACP-PC" name="TestNgPackage.TestCase_HomeGroup" tests="2" failures="0" timestamp="14 Jun 2020 08:05:09 GMT" time="0.004" errors="0">
  <testcase name="Home02" time="0.002" classname="TestNgPackage.TestCase_HomeGroup"/>
  <testcase name="Home03" time="0.002" classname="TestNgPackage.TestCase_HomeGroup"/>
</testsuite> <!-- TestNgPackage.TestCase_HomeGroup -->
