<?xml version="1.0" encoding="UTF-8"?>
<!-- Generated by org.testng.reporters.JUnitReportReporter -->
<testsuite hostname="ACP-PC" name="TestNgPackage.TestCase_LoginGroup" tests="1" failures="0" timestamp="14 Jun 2020 08:05:09 GMT" time="0.015" errors="0">
  <testcase name="Login02" time="0.015" classname="TestNgPackage.TestCase_LoginGroup"/>
</testsuite> <!-- TestNgPackage.TestCase_LoginGroup -->
