<?xml version="1.0" encoding="UTF-8"?>
<!-- Generated by org.testng.reporters.JUnitReportReporter -->
<testsuite hostname="ACP-PC" name="TestNgPackage.DataProviderExcel" tests="3" failures="0" timestamp="28 May 2020 16:10:07 GMT" time="0.014" errors="0">
  <testcase name="ReadExcel" time="0.009" classname="TestNgPackage.DataProviderExcel"/>
  <testcase name="ReadExcel" time="0.002" classname="TestNgPackage.DataProviderExcel"/>
  <testcase name="ReadExcel" time="0.003" classname="TestNgPackage.DataProviderExcel"/>
</testsuite> <!-- TestNgPackage.DataProviderExcel -->
