<?xml version="1.0" encoding="UTF-8"?>
<!-- Generated by org.testng.reporters.JUnitReportReporter -->
<testsuite hostname="ACP-PC" name="TestNgPackage.Annotations" tests="1" failures="0" timestamp="28 May 2020 16:10:08 GMT" time="0.007" errors="0">
  <testcase name="methodTest" time="0.007" classname="TestNgPackage.Annotations"/>
</testsuite> <!-- TestNgPackage.Annotations -->
