<?xml version="1.0" encoding="UTF-8"?>
<!-- Generated by org.testng.reporters.JUnitReportReporter -->
<testsuite hostname="ACP-PC" name="TestNgPackage.DataProviderSample" tests="2" failures="0" timestamp="28 May 2020 16:10:07 GMT" time="0.002" errors="0">
  <testcase name="login01" time="0.001" classname="TestNgPackage.DataProviderSample"/>
  <testcase name="login01" time="0.001" classname="TestNgPackage.DataProviderSample"/>
</testsuite> <!-- TestNgPackage.DataProviderSample -->
