<?xml version="1.0" encoding="UTF-8"?>
<!-- Generated by org.testng.reporters.JUnitReportReporter -->
<testsuite hostname="ACP-PC" name="TestNgPackage.DataProviderAspose" tests="3" failures="0" timestamp="28 May 2020 16:33:42 GMT" time="0.015" errors="0">
  <testcase name="ReadExcel" time="0.002" classname="TestNgPackage.DataProviderAspose"/>
  <testcase name="ReadExcel" time="0.012" classname="TestNgPackage.DataProviderAspose"/>
  <testcase name="ReadExcel" time="0.001" classname="TestNgPackage.DataProviderAspose"/>
</testsuite> <!-- TestNgPackage.DataProviderAspose -->
