<?xml version="1.0" encoding="UTF-8"?>
<!-- Generated by org.testng.reporters.JUnitReportReporter -->
<testsuite hostname="ACP-PC" name="TestNgPackage.TestNg_Login" tests="2" failures="0" timestamp="28 May 2020 16:10:07 GMT" time="32.719" errors="0">
  <testcase name="login" time="22.869" classname="TestNgPackage.TestNg_Login"/>
  <testcase name="loginInvalid" time="9.850" classname="TestNgPackage.TestNg_Login"/>
</testsuite> <!-- TestNgPackage.TestNg_Login -->
