<?xml version="1.0" encoding="UTF-8"?>
<!-- Generated by org.testng.reporters.JUnitReportReporter -->
<testsuite skipped="0" hostname="ACP-PC" name="TestNgPackage.Home" tests="3" failures="0" timestamp="15 Jun 2020 05:30:29 GMT" time="0.001" errors="0">
  <testcase name="Home02" time="0.000" classname="TestNgPackage.Home"/>
  <testcase name="Home04" time="0.000" classname="TestNgPackage.Home"/>
  <testcase name="Home03" time="0.001" classname="TestNgPackage.Home"/>
</testsuite> <!-- TestNgPackage.Home -->
